<?xml version="1.0" encoding="UTF-8"?>
<!-- Generated by org.testng.reporters.JUnitReportReporter -->
<testsuite skipped="0" hostname="DESKTOP-V3TCD3D" name="com.actitime.scripts.LoginTest" tests="2" failures="0" timestamp="2020-02-12T19:01:52 IST" time="70.595" errors="0">
  <testcase name="validLogin" time="43.469" classname="com.actitime.scripts.LoginTest"/>
  <testcase name="invalidLogin" time="27.126" classname="com.actitime.scripts.LoginTest"/>
</testsuite> <!-- com.actitime.scripts.LoginTest -->
